app/build/intermediates/manifest_merge_blame_file/debug/processDebugMainManifest/manifest-merger-blame-debug-report.txt
1<?xml version="1.0" encoding="utf-8"?>
2<manifest xmlns:android="http://schemas.android.com/apk/res/android"
3    package="com.example.mealmate"
4    android:versionCode="1"
5    android:versionName="1.0" >
6
7    <uses-sdk
8        android:minSdkVersion="27"
9        android:targetSdkVersion="35" />
10
11    <uses-permission android:name="android.permission.INTERNET" />
11-->src\main\AndroidManifest.xml:5:5-67
11-->src\main\AndroidManifest.xml:5:22-64
12    <uses-permission android:name="android.permission.ACCESS_NETWORK_STATE" />
12-->[com.google.firebase:firebase-auth:22.3.1] AndroidManifest.xml:26:5-79
12-->[com.google.firebase:firebase-auth:22.3.1] AndroidManifest.xml:26:22-76
13    <uses-permission android:name="com.google.android.providers.gsf.permission.READ_GSERVICES" />
13-->[com.google.android.recaptcha:recaptcha:18.4.0] AndroidManifest.xml:9:5-98
13-->[com.google.android.recaptcha:recaptcha:18.4.0] AndroidManifest.xml:9:22-95
14
15    <permission
15-->[androidx.core:core:1.13.0] AndroidManifest.xml:22:5-24:47
16        android:name="com.example.mealmate.DYNAMIC_RECEIVER_NOT_EXPORTED_PERMISSION"
16-->[androidx.core:core:1.13.0] AndroidManifest.xml:23:9-81
17        android:protectionLevel="signature" />
17-->[androidx.core:core:1.13.0] AndroidManifest.xml:24:9-44
18
19    <uses-permission android:name="com.example.mealmate.DYNAMIC_RECEIVER_NOT_EXPORTED_PERMISSION" />
19-->[androidx.core:core:1.13.0] AndroidManifest.xml:26:5-97
19-->[androidx.core:core:1.13.0] AndroidManifest.xml:26:22-94
20
21    <application
21-->src\main\AndroidManifest.xml:7:5-38:19
22        android:allowBackup="true"
22-->src\main\AndroidManifest.xml:8:9-35
23        android:appComponentFactory="androidx.core.app.CoreComponentFactory"
23-->[androidx.core:core:1.13.0] AndroidManifest.xml:28:18-86
24        android:dataExtractionRules="@xml/data_extraction_rules"
24-->src\main\AndroidManifest.xml:9:9-65
25        android:debuggable="true"
26        android:extractNativeLibs="false"
27        android:fullBackupContent="@xml/backup_rules"
27-->src\main\AndroidManifest.xml:10:9-54
28        android:icon="@mipmap/ic_launcher"
28-->src\main\AndroidManifest.xml:11:9-43
29        android:label="@string/app_name"
29-->src\main\AndroidManifest.xml:12:9-41
30        android:roundIcon="@mipmap/ic_launcher_round"
30-->src\main\AndroidManifest.xml:13:9-54
31        android:supportsRtl="true"
31-->src\main\AndroidManifest.xml:14:9-35
32        android:theme="@style/Theme.MealMate" >
32-->src\main\AndroidManifest.xml:15:9-46
33        <activity
33-->src\main\AndroidManifest.xml:18:9-25:20
34            android:name="com.example.mealmate.LoginActivity"
34-->src\main\AndroidManifest.xml:19:13-42
35            android:exported="true" >
35-->src\main\AndroidManifest.xml:20:13-36
36            <intent-filter>
36-->src\main\AndroidManifest.xml:21:13-24:29
37                <action android:name="android.intent.action.MAIN" />
37-->src\main\AndroidManifest.xml:22:17-69
37-->src\main\AndroidManifest.xml:22:25-66
38
39                <category android:name="android.intent.category.LAUNCHER" />
39-->src\main\AndroidManifest.xml:23:17-77
39-->src\main\AndroidManifest.xml:23:27-74
40            </intent-filter>
41        </activity>
42        <activity
42-->src\main\AndroidManifest.xml:27:9-29:40
43            android:name="com.example.mealmate.RegisterActivity"
43-->src\main\AndroidManifest.xml:28:13-45
44            android:exported="false" />
44-->src\main\AndroidManifest.xml:29:13-37
45        <activity
45-->src\main\AndroidManifest.xml:31:9-33:40
46            android:name="com.example.mealmate.WelcomeActivity"
46-->src\main\AndroidManifest.xml:32:13-44
47            android:exported="false" />
47-->src\main\AndroidManifest.xml:33:13-37
48        <activity
48-->src\main\AndroidManifest.xml:35:9-37:40
49            android:name="com.example.mealmate.MainActivity"
49-->src\main\AndroidManifest.xml:36:13-41
50            android:exported="false" />
50-->src\main\AndroidManifest.xml:37:13-37
51        <activity
51-->[com.google.firebase:firebase-auth:22.3.1] AndroidManifest.xml:29:9-46:20
52            android:name="com.google.firebase.auth.internal.GenericIdpActivity"
52-->[com.google.firebase:firebase-auth:22.3.1] AndroidManifest.xml:30:13-80
53            android:excludeFromRecents="true"
53-->[com.google.firebase:firebase-auth:22.3.1] AndroidManifest.xml:31:13-46
54            android:exported="true"
54-->[com.google.firebase:firebase-auth:22.3.1] AndroidManifest.xml:32:13-36
55            android:launchMode="singleTask"
55-->[com.google.firebase:firebase-auth:22.3.1] AndroidManifest.xml:33:13-44
56            android:theme="@android:style/Theme.Translucent.NoTitleBar" >
56-->[com.google.firebase:firebase-auth:22.3.1] AndroidManifest.xml:34:13-72
57            <intent-filter>
57-->[com.google.firebase:firebase-auth:22.3.1] AndroidManifest.xml:35:13-45:29
58                <action android:name="android.intent.action.VIEW" />
58-->[com.google.firebase:firebase-auth:22.3.1] AndroidManifest.xml:36:17-69
58-->[com.google.firebase:firebase-auth:22.3.1] AndroidManifest.xml:36:25-66
59
60                <category android:name="android.intent.category.DEFAULT" />
60-->[com.google.firebase:firebase-auth:22.3.1] AndroidManifest.xml:38:17-76
60-->[com.google.firebase:firebase-auth:22.3.1] AndroidManifest.xml:38:27-73
61                <category android:name="android.intent.category.BROWSABLE" />
61-->[com.google.firebase:firebase-auth:22.3.1] AndroidManifest.xml:39:17-78
61-->[com.google.firebase:firebase-auth:22.3.1] AndroidManifest.xml:39:27-75
62
63                <data
63-->[com.google.firebase:firebase-auth:22.3.1] AndroidManifest.xml:41:17-44:51
64                    android:host="firebase.auth"
64-->[com.google.firebase:firebase-auth:22.3.1] AndroidManifest.xml:42:21-49
65                    android:path="/"
65-->[com.google.firebase:firebase-auth:22.3.1] AndroidManifest.xml:43:21-37
66                    android:scheme="genericidp" />
66-->[com.google.firebase:firebase-auth:22.3.1] AndroidManifest.xml:44:21-48
67            </intent-filter>
68        </activity>
69        <activity
69-->[com.google.firebase:firebase-auth:22.3.1] AndroidManifest.xml:47:9-64:20
70            android:name="com.google.firebase.auth.internal.RecaptchaActivity"
70-->[com.google.firebase:firebase-auth:22.3.1] AndroidManifest.xml:48:13-79
71            android:excludeFromRecents="true"
71-->[com.google.firebase:firebase-auth:22.3.1] AndroidManifest.xml:49:13-46
72            android:exported="true"
72-->[com.google.firebase:firebase-auth:22.3.1] AndroidManifest.xml:50:13-36
73            android:launchMode="singleTask"
73-->[com.google.firebase:firebase-auth:22.3.1] AndroidManifest.xml:51:13-44
74            android:theme="@android:style/Theme.Translucent.NoTitleBar" >
74-->[com.google.firebase:firebase-auth:22.3.1] AndroidManifest.xml:52:13-72
75            <intent-filter>
75-->[com.google.firebase:firebase-auth:22.3.1] AndroidManifest.xml:53:13-63:29
76                <action android:name="android.intent.action.VIEW" />
76-->[com.google.firebase:firebase-auth:22.3.1] AndroidManifest.xml:36:17-69
76-->[com.google.firebase:firebase-auth:22.3.1] AndroidManifest.xml:36:25-66
77
78                <category android:name="android.intent.category.DEFAULT" />
78-->[com.google.firebase:firebase-auth:22.3.1] AndroidManifest.xml:38:17-76
78-->[com.google.firebase:firebase-auth:22.3.1] AndroidManifest.xml:38:27-73
79                <category android:name="android.intent.category.BROWSABLE" />
79-->[com.google.firebase:firebase-auth:22.3.1] AndroidManifest.xml:39:17-78
79-->[com.google.firebase:firebase-auth:22.3.1] AndroidManifest.xml:39:27-75
80
81                <data
81-->[com.google.firebase:firebase-auth:22.3.1] AndroidManifest.xml:41:17-44:51
82                    android:host="firebase.auth"
82-->[com.google.firebase:firebase-auth:22.3.1] AndroidManifest.xml:42:21-49
83                    android:path="/"
83-->[com.google.firebase:firebase-auth:22.3.1] AndroidManifest.xml:43:21-37
84                    android:scheme="recaptcha" />
84-->[com.google.firebase:firebase-auth:22.3.1] AndroidManifest.xml:44:21-48
85            </intent-filter>
86        </activity>
87
88        <service
88-->[com.google.firebase:firebase-auth:22.3.1] AndroidManifest.xml:66:9-72:19
89            android:name="com.google.firebase.components.ComponentDiscoveryService"
89-->[com.google.firebase:firebase-auth:22.3.1] AndroidManifest.xml:67:13-84
90            android:directBootAware="true"
90-->[com.google.firebase:firebase-common:20.4.3] AndroidManifest.xml:32:13-43
91            android:exported="false" >
91-->[com.google.firebase:firebase-auth:22.3.1] AndroidManifest.xml:68:13-37
92            <meta-data
92-->[com.google.firebase:firebase-auth:22.3.1] AndroidManifest.xml:69:13-71:85
93                android:name="com.google.firebase.components:com.google.firebase.auth.FirebaseAuthRegistrar"
93-->[com.google.firebase:firebase-auth:22.3.1] AndroidManifest.xml:70:17-109
94                android:value="com.google.firebase.components.ComponentRegistrar" />
94-->[com.google.firebase:firebase-auth:22.3.1] AndroidManifest.xml:71:17-82
95            <meta-data
95-->[com.google.firebase:firebase-firestore:24.11.0] AndroidManifest.xml:17:13-19:85
96                android:name="com.google.firebase.components:com.google.firebase.firestore.FirebaseFirestoreKtxRegistrar"
96-->[com.google.firebase:firebase-firestore:24.11.0] AndroidManifest.xml:18:17-122
97                android:value="com.google.firebase.components.ComponentRegistrar" />
97-->[com.google.firebase:firebase-firestore:24.11.0] AndroidManifest.xml:19:17-82
98            <meta-data
98-->[com.google.firebase:firebase-firestore:24.11.0] AndroidManifest.xml:20:13-22:85
99                android:name="com.google.firebase.components:com.google.firebase.firestore.FirestoreRegistrar"
99-->[com.google.firebase:firebase-firestore:24.11.0] AndroidManifest.xml:21:17-111
100                android:value="com.google.firebase.components.ComponentRegistrar" />
100-->[com.google.firebase:firebase-firestore:24.11.0] AndroidManifest.xml:22:17-82
101            <meta-data
101-->[com.google.firebase:firebase-common-ktx:20.4.3] AndroidManifest.xml:12:13-14:85
102                android:name="com.google.firebase.components:com.google.firebase.ktx.FirebaseCommonLegacyRegistrar"
102-->[com.google.firebase:firebase-common-ktx:20.4.3] AndroidManifest.xml:13:17-116
103                android:value="com.google.firebase.components.ComponentRegistrar" />
103-->[com.google.firebase:firebase-common-ktx:20.4.3] AndroidManifest.xml:14:17-82
104            <meta-data
104-->[com.google.firebase:firebase-common:20.4.3] AndroidManifest.xml:35:13-37:85
105                android:name="com.google.firebase.components:com.google.firebase.FirebaseCommonKtxRegistrar"
105-->[com.google.firebase:firebase-common:20.4.3] AndroidManifest.xml:36:17-109
106                android:value="com.google.firebase.components.ComponentRegistrar" />
106-->[com.google.firebase:firebase-common:20.4.3] AndroidManifest.xml:37:17-82
107        </service>
108
109        <activity
109-->[com.google.android.gms:play-services-base:18.0.1] AndroidManifest.xml:20:9-22:45
110            android:name="com.google.android.gms.common.api.GoogleApiActivity"
110-->[com.google.android.gms:play-services-base:18.0.1] AndroidManifest.xml:20:19-85
111            android:exported="false"
111-->[com.google.android.gms:play-services-base:18.0.1] AndroidManifest.xml:22:19-43
112            android:theme="@android:style/Theme.Translucent.NoTitleBar" />
112-->[com.google.android.gms:play-services-base:18.0.1] AndroidManifest.xml:21:19-78
113
114        <provider
114-->[com.google.firebase:firebase-common:20.4.3] AndroidManifest.xml:23:9-28:39
115            android:name="com.google.firebase.provider.FirebaseInitProvider"
115-->[com.google.firebase:firebase-common:20.4.3] AndroidManifest.xml:24:13-77
116            android:authorities="com.example.mealmate.firebaseinitprovider"
116-->[com.google.firebase:firebase-common:20.4.3] AndroidManifest.xml:25:13-72
117            android:directBootAware="true"
117-->[com.google.firebase:firebase-common:20.4.3] AndroidManifest.xml:26:13-43
118            android:exported="false"
118-->[com.google.firebase:firebase-common:20.4.3] AndroidManifest.xml:27:13-37
119            android:initOrder="100" />
119-->[com.google.firebase:firebase-common:20.4.3] AndroidManifest.xml:28:13-36
120        <provider
120-->[androidx.emoji2:emoji2:1.3.0] AndroidManifest.xml:24:9-32:20
121            android:name="androidx.startup.InitializationProvider"
121-->[androidx.emoji2:emoji2:1.3.0] AndroidManifest.xml:25:13-67
122            android:authorities="com.example.mealmate.androidx-startup"
122-->[androidx.emoji2:emoji2:1.3.0] AndroidManifest.xml:26:13-68
123            android:exported="false" >
123-->[androidx.emoji2:emoji2:1.3.0] AndroidManifest.xml:27:13-37
124            <meta-data
124-->[androidx.emoji2:emoji2:1.3.0] AndroidManifest.xml:29:13-31:52
125                android:name="androidx.emoji2.text.EmojiCompatInitializer"
125-->[androidx.emoji2:emoji2:1.3.0] AndroidManifest.xml:30:17-75
126                android:value="androidx.startup" />
126-->[androidx.emoji2:emoji2:1.3.0] AndroidManifest.xml:31:17-49
127            <meta-data
127-->[androidx.lifecycle:lifecycle-process:2.7.0] AndroidManifest.xml:29:13-31:52
128                android:name="androidx.lifecycle.ProcessLifecycleInitializer"
128-->[androidx.lifecycle:lifecycle-process:2.7.0] AndroidManifest.xml:30:17-78
129                android:value="androidx.startup" />
129-->[androidx.lifecycle:lifecycle-process:2.7.0] AndroidManifest.xml:31:17-49
130            <meta-data
130-->[androidx.profileinstaller:profileinstaller:1.4.0] AndroidManifest.xml:29:13-31:52
131                android:name="androidx.profileinstaller.ProfileInstallerInitializer"
131-->[androidx.profileinstaller:profileinstaller:1.4.0] AndroidManifest.xml:30:17-85
132                android:value="androidx.startup" />
132-->[androidx.profileinstaller:profileinstaller:1.4.0] AndroidManifest.xml:31:17-49
133        </provider>
134
135        <meta-data
135-->[com.google.android.gms:play-services-basement:18.3.0] AndroidManifest.xml:21:9-23:69
136            android:name="com.google.android.gms.version"
136-->[com.google.android.gms:play-services-basement:18.3.0] AndroidManifest.xml:22:13-58
137            android:value="@integer/google_play_services_version" />
137-->[com.google.android.gms:play-services-basement:18.3.0] AndroidManifest.xml:23:13-66
138
139        <receiver
139-->[androidx.profileinstaller:profileinstaller:1.4.0] AndroidManifest.xml:34:9-52:20
140            android:name="androidx.profileinstaller.ProfileInstallReceiver"
140-->[androidx.profileinstaller:profileinstaller:1.4.0] AndroidManifest.xml:35:13-76
141            android:directBootAware="false"
141-->[androidx.profileinstaller:profileinstaller:1.4.0] AndroidManifest.xml:36:13-44
142            android:enabled="true"
142-->[androidx.profileinstaller:profileinstaller:1.4.0] AndroidManifest.xml:37:13-35
143            android:exported="true"
143-->[androidx.profileinstaller:profileinstaller:1.4.0] AndroidManifest.xml:38:13-36
144            android:permission="android.permission.DUMP" >
144-->[androidx.profileinstaller:profileinstaller:1.4.0] AndroidManifest.xml:39:13-57
145            <intent-filter>
145-->[androidx.profileinstaller:profileinstaller:1.4.0] AndroidManifest.xml:40:13-42:29
146                <action android:name="androidx.profileinstaller.action.INSTALL_PROFILE" />
146-->[androidx.profileinstaller:profileinstaller:1.4.0] AndroidManifest.xml:41:17-91
146-->[androidx.profileinstaller:profileinstaller:1.4.0] AndroidManifest.xml:41:25-88
147            </intent-filter>
148            <intent-filter>
148-->[androidx.profileinstaller:profileinstaller:1.4.0] AndroidManifest.xml:43:13-45:29
149                <action android:name="androidx.profileinstaller.action.SKIP_FILE" />
149-->[androidx.profileinstaller:profileinstaller:1.4.0] AndroidManifest.xml:44:17-85
149-->[androidx.profileinstaller:profileinstaller:1.4.0] AndroidManifest.xml:44:25-82
150            </intent-filter>
151            <intent-filter>
151-->[androidx.profileinstaller:profileinstaller:1.4.0] AndroidManifest.xml:46:13-48:29
152                <action android:name="androidx.profileinstaller.action.SAVE_PROFILE" />
152-->[androidx.profileinstaller:profileinstaller:1.4.0] AndroidManifest.xml:47:17-88
152-->[androidx.profileinstaller:profileinstaller:1.4.0] AndroidManifest.xml:47:25-85
153            </intent-filter>
154            <intent-filter>
154-->[androidx.profileinstaller:profileinstaller:1.4.0] AndroidManifest.xml:49:13-51:29
155                <action android:name="androidx.profileinstaller.action.BENCHMARK_OPERATION" />
155-->[androidx.profileinstaller:profileinstaller:1.4.0] AndroidManifest.xml:50:17-95
155-->[androidx.profileinstaller:profileinstaller:1.4.0] AndroidManifest.xml:50:25-92
156            </intent-filter>
157        </receiver>
158    </application>
159
160</manifest>